<?xml version="1.0" encoding="UTF-8"?>
<testng-results ignored="0" total="1" passed="1" failed="0" skipped="0">
  <reporter-output>
  </reporter-output>
  <suite started-at="2026-03-24T16:36:41 IST" name="Default suite" finished-at="2026-03-24T16:36:47 IST" duration-ms="5678">
    <groups>
    </groups>
    <test started-at="2026-03-24T16:36:41 IST" name="Default test" finished-at="2026-03-24T16:36:47 IST" duration-ms="5678">
      <class name="com.restoreSkill.Automation.tests.LoginTest">
        <test-method is-config="true" signature="setUp()[pri:0, instance:com.restoreSkill.Automation.tests.LoginTest@139982de]" started-at="2026-03-24T16:36:41 IST" name="setUp" finished-at="2026-03-24T16:36:45 IST" duration-ms="3643" status="PASS">
          <reporter-output>
          </reporter-output>
        </test-method> <!-- setUp -->
        <test-method signature="verifyValidLogin(java.lang.String,java.lang.String)[pri:0, instance:com.restoreSkill.Automation.tests.LoginTest@139982de]" started-at="2026-03-24T16:36:46 IST" name="verifyValidLogin" data-provider="loginData" finished-at="2026-03-24T16:36:47 IST" duration-ms="1074" status="PASS">
          <params>
            <param index="0">
              <value>
                <![CDATA[Admin]]>
              </value>
            </param>
            <param index="1">
              <value>
                <![CDATA[admin123]]>
              </value>
            </param>
          </params>
          <reporter-output>
          </reporter-output>
        </test-method> <!-- verifyValidLogin -->
      </class> <!-- com.restoreSkill.Automation.tests.LoginTest -->
    </test> <!-- Default test -->
  </suite> <!-- Default suite -->
</testng-results>
